<?xml version="1.0" encoding="UTF-8"?>
<!-- Generated by org.testng.reporters.JUnitXMLReporter -->
<testsuite ignored="4" hostname="DESKTOP-1OVQHJC" failures="0" tests="3" name="PizzaApp test" time="79.283" errors="0" timestamp="08 Jun 2021 05:20:48 GMT">
  <testcase classname="com.Pizzahut.testCases.TC_LoginTest_001" name="loginTest" time="18.277"/>
  <testcase classname="com.Pizzahut.testCases.TC_OrderplaceTest_002" name="orderPlace" time="29.592"/>
  <testcase classname="com.Pizzahut.testCases.TC_LogoutTest_005" name="logOut" time="5.231"/>
  <testcase classname="com.Pizzahut.testCases.BaseClass" name="@BeforeTest setup" time="0.0">
    <ignored/>
  </testcase> <!-- @BeforeTest setup -->
  <testcase classname="com.Pizzahut.testCases.BaseClass" name="@BeforeTest setup" time="0.0">
    <ignored/>
  </testcase> <!-- @BeforeTest setup -->
  <testcase classname="com.Pizzahut.testCases.BaseClass" name="@AfterTest terminate" time="0.0">
    <ignored/>
  </testcase> <!-- @AfterTest terminate -->
  <testcase classname="com.Pizzahut.testCases.BaseClass" name="@AfterTest terminate" time="0.0">
    <ignored/>
  </testcase> <!-- @AfterTest terminate -->
</testsuite> <!-- PizzaApp test -->
