<?xml version="1.0" encoding="UTF-8"?>
<testng-results ignored="0" total="1" passed="1" failed="0" skipped="0">
  <reporter-output>
  </reporter-output>
  <suite started-at="2021-06-09T05:31:37Z" name="PizzaHut_web" finished-at="2021-06-09T05:31:53Z" duration-ms="15684">
    <groups>
    </groups>
    <test started-at="2021-06-09T05:31:37Z" name="PizzaApp test" finished-at="2021-06-09T05:31:53Z" duration-ms="15684">
      <class name="com.Pizzahut.testCases.TC_LoginTest_001_Test">
        <test-method is-config="true" signature="setup(java.lang.String)[pri:0, instance:com.Pizzahut.testCases.TC_LoginTest_001_Test@60015ef5]" started-at="2021-06-09T05:31:37Z" name="setup" finished-at="2021-06-09T05:31:45Z" duration-ms="7689" status="PASS">
          <params>
            <param index="0">
              <value>
                <![CDATA[chrome]]>
              </value>
            </param>
          </params>
          <reporter-output>
          </reporter-output>
        </test-method> <!-- setup -->
        <test-method signature="loginTest()[pri:0, instance:com.Pizzahut.testCases.TC_LoginTest_001_Test@60015ef5]" started-at="2021-06-09T05:31:45Z" name="loginTest" finished-at="2021-06-09T05:31:51Z" duration-ms="6297" status="PASS">
          <reporter-output>
          </reporter-output>
        </test-method> <!-- loginTest -->
        <test-method is-config="true" signature="terminate()[pri:0, instance:com.Pizzahut.testCases.TC_LoginTest_001_Test@60015ef5]" started-at="2021-06-09T05:31:51Z" name="terminate" finished-at="2021-06-09T05:31:53Z" duration-ms="1676" status="PASS">
          <reporter-output>
          </reporter-output>
        </test-method> <!-- terminate -->
      </class> <!-- com.Pizzahut.testCases.TC_LoginTest_001_Test -->
    </test> <!-- PizzaApp test -->
  </suite> <!-- PizzaHut_web -->
</testng-results>
